Added Component: Designator=BT1(*BAT_BC9VPC_BC9VPC(Primary))
Add component. Clean all parameters for all variants
Add component (AddParameter): Name = "Availability"; Value = "Unavailable"; VariantName = "[No Variations]"
Add component (AddParameter): Name = "MF"; Value = "MPD"; VariantName = "[No Variations]"
Add component (AddParameter): Name = "MP"; Value = "BC9VPC"; VariantName = "[No Variations]"
Add component (AddParameter): Name = "Package"; Value = "None"; VariantName = "[No Variations]"
Add component (AddParameter): Name = "Price"; Value = "None"; VariantName = "[No Variations]"
Add component (AddParameter): Name = "SnapEDA_Link"; Value = "https://www.snapeda.com/parts/BC9VPC/MPD/view-part/4389071/?ref=snap"; VariantName = "[No Variations]"
Add component (AddParameter): Name = "Value"; Value = ""; VariantName = "[No Variations]"
Added Component: Designator=C1(CAPC1608X90X30LL10T20)
Add component. Clean all parameters for all variants
Add component (AddParameter): Name = "Capacitance"; Value = "1000000pF"; VariantName = "[No Variations]"
Add component (AddParameter): Name = "Case Size/Dimension"; Value = "0603"; VariantName = "[No Variations]"
Add component (AddParameter): Name = "Datasheet URL"; Value = "http://www.samsungsem.com/kr/support/product-search/mlcc/__icsFiles/afieldfile/2016/08/18/S_CL10B105KO8NNNC.pdf"; VariantName = "[No Variations]"
Add component (AddParameter): Name = "Datasheet Version"; Value = "07/2016"; VariantName = "[No Variations]"
Add component (AddParameter): Name = "Dielectric"; Value = "X7R"; VariantName = "[No Variations]"
Add component (AddParameter): Name = "Manufacturer"; Value = "Samsung Electro-Mechanics"; VariantName = "[No Variations]"
Add component (AddParameter): Name = "Manufacturer URL"; Value = "http://www.samsungsem.com/global/index.jsp"; VariantName = "[No Variations]"
Add component (AddParameter): Name = "Mounting Technology"; Value = "SurfaceMount"; VariantName = "[No Variations]"
Add component (AddParameter): Name = "Package Description"; Value = "2-Pin Surface Mount Device, Body 1.60 x 0.80 mm"; VariantName = "[No Variations]"
Add component (AddParameter): Name = "Package Reference"; Value = "0603"; VariantName = "[No Variations]"
Add component (AddParameter): Name = "Rated Voltage"; Value = "16V"; VariantName = "[No Variations]"
Add component (AddParameter): Name = "Tolerance (%)"; Value = "±10%"; VariantName = "[No Variations]"
Added Component: Designator=C2(CAPC1608X90X35LL10T15)
Add component. Clean all parameters for all variants
Add component (AddParameter): Name = "Capacitance"; Value = "2.2 uF"; VariantName = "[No Variations]"
Add component (AddParameter): Name = "Case/Package"; Value = "0603"; VariantName = "[No Variations]"
Add component (AddParameter): Name = "Case Code (Imperial)"; Value = "0603"; VariantName = "[No Variations]"
Add component (AddParameter): Name = "Case Code (Metric)"; Value = "1608"; VariantName = "[No Variations]"
Add component (AddParameter): Name = "ComponentLink1Description"; Value = "Manufacturer URL"; VariantName = "[No Variations]"
Add component (AddParameter): Name = "ComponentLink1URL"; Value = "http://www.murata.com/"; VariantName = "[No Variations]"
Add component (AddParameter): Name = "ComponentLink2Description"; Value = "Datasheet"; VariantName = "[No Variations]"
Add component (AddParameter): Name = "ComponentLink2URL"; Value = "https://datasheet.ciiva.com/134/grm188r61a225ke34-01-134206.pdf"; VariantName = "[No Variations]"
Add component (AddParameter): Name = "DatasheetVersion"; Value = "01/2013"; VariantName = "[No Variations]"
Add component (AddParameter): Name = "Height"; Value = "0.8 mm"; VariantName = "[No Variations]"
Add component (AddParameter): Name = "Length"; Value = "0.063 inch"; VariantName = "[No Variations]"
Add component (AddParameter): Name = "Max Operating Temperature"; Value = "85 degC"; VariantName = "[No Variations]"
Add component (AddParameter): Name = "Min Operating Temperature"; Value = "-55 degC"; VariantName = "[No Variations]"
Add component (AddParameter): Name = "Mounting Technology"; Value = "Surface Mount"; VariantName = "[No Variations]"
Add component (AddParameter): Name = "PackageDescription"; Value = "2-Pin Surface Mount Device, Body 1.6 x 0.8 mm"; VariantName = "[No Variations]"
Add component (AddParameter): Name = "Package Quantity"; Value = "10000"; VariantName = "[No Variations]"
Add component (AddParameter): Name = "Packaging"; Value = "Tape and Reel"; VariantName = "[No Variations]"
Add component (AddParameter): Name = "PartNumber"; Value = "GRM188R61A225KE34x"; VariantName = "[No Variations]"
Add component (AddParameter): Name = "Radiation Hardening"; Value = "No"; VariantName = "[No Variations]"
Add component (AddParameter): Name = "RoHSCompliant"; Value = "True"; VariantName = "[No Variations]"
Add component (AddParameter): Name = "Tolerance"; Value = "10%"; VariantName = "[No Variations]"
Add component (AddParameter): Name = "Width"; Value = "0.031 inch"; VariantName = "[No Variations]"
Added Component: Designator=C3(CAPC1613X90X50LL10T25)
Add component. Clean all parameters for all variants
Add component (AddParameter): Name = "Manufacturer"; Value = "Yageo"; VariantName = "[No Variations]"
Add component (AddParameter): Name = "Part Number"; Value = "CC0603KPX7R9BB103"; VariantName = "[No Variations]"
Added Component: Designator=R1(J1-0603)
Add component. Clean all parameters for all variants
Add component (AddParameter): Name = "LatestRevisionDate"; Value = "29-May-2009"; VariantName = "[No Variations]"
Add component (AddParameter): Name = "LatestRevisionNote"; Value = "IPC-7351 Footprint Added."; VariantName = "[No Variations]"
Add component (AddParameter): Name = "PackageDescription"; Value = "Chip Resistor"; VariantName = "[No Variations]"
Add component (AddParameter): Name = "PackageReference"; Value = "J1-0603"; VariantName = "[No Variations]"
Add component (AddParameter): Name = "Published"; Value = "8-Jun-2000"; VariantName = "[No Variations]"
Add component (AddParameter): Name = "Publisher"; Value = "Altium Limited"; VariantName = "[No Variations]"
Add component (AddParameter): Name = "Value"; Value = "25K"; VariantName = "[No Variations]"
Added Component: Designator=U1(28P3)
Add component. Clean all parameters for all variants
Add component (AddParameter): Name = "ComponentLink1Description"; Value = "Manufacturer URL"; VariantName = "[No Variations]"
Add component (AddParameter): Name = "ComponentLink1URL"; Value = "http://www.atmel.com/"; VariantName = "[No Variations]"
Add component (AddParameter): Name = "ComponentLink2Description"; Value = "ATmega48A/48PA/88A/88PA/168A/168PA/328/328P Datasheet"; VariantName = "[No Variations]"
Add component (AddParameter): Name = "ComponentLink2URL"; Value = "http://www.atmel.com/dyn/resources/prod_documents/8271.pdf"; VariantName = "[No Variations]"
Add component (AddParameter): Name = "ComponentLink3Description"; Value = "ATmega48A/48PA/88A/88PA/168A/168PA/328/328P Summary"; VariantName = "[No Variations]"
Add component (AddParameter): Name = "ComponentLink3URL"; Value = "http://www.atmel.com/dyn/resources/prod_documents/8271S.pdf"; VariantName = "[No Variations]"
Add component (AddParameter): Name = "DatasheetVersion"; Value = "revD, May-2011"; VariantName = "[No Variations]"
Add component (AddParameter): Name = "PackageDescription"; Value = "28-lead (0.300"/7.62mm Wide) Plastic Dual Inline Package (PDIP)"; VariantName = "[No Variations]"
Add component (AddParameter): Name = "PackageReference"; Value = "28P3"; VariantName = "[No Variations]"
Add component (AddParameter): Name = "PackageVersion"; Value = "revB, Sep-2001"; VariantName = "[No Variations]"
Add component (AddParameter): Name = "RevisionNote"; Value = "DatasheetVersion updated. URLs added."; VariantName = "[No Variations]"
Added Component: Designator=U2(DGK0008A_N)
Add component. Clean all parameters for all variants
Add component (AddParameter): Name = "Bandwidth at G"; Value = ""; VariantName = "[No Variations]"
Add component (AddParameter): Name = "CMRR (Min) (dB)"; Value = ""; VariantName = "[No Variations]"
Add component (AddParameter): Name = "CMRR(Min)(dB)"; Value = "84"; VariantName = "[No Variations]"
Add component (AddParameter): Name = "Code_JEDEC"; Value = "MO-187"; VariantName = "[No Variations]"
Add component (AddParameter): Name = "ComponentLink1Description"; Value = "Manufacturer URL"; VariantName = "[No Variations]"
Add component (AddParameter): Name = "ComponentLink1URL"; Value = "http://www.ti.com/"; VariantName = "[No Variations]"
Add component (AddParameter): Name = "ComponentLink2Description"; Value = "Datasheet"; VariantName = "[No Variations]"
Add component (AddParameter): Name = "ComponentLink2URL"; Value = "http://www.ti.com/general/docs/lit/getliterature.tsp?genericPartNumber=INA826&fileType=pdf"; VariantName = "[No Variations]"
Add component (AddParameter): Name = "ComponentLink3Description"; Value = "Package Specification"; VariantName = "[No Variations]"
Add component (AddParameter): Name = "ComponentLink3URL"; Value = "http://www.ti.com/litv/pdf/mpds028d"; VariantName = "[No Variations]"
Add component (AddParameter): Name = "DatasheetVersion"; Value = "SBOS562E"; VariantName = "[No Variations]"
Add component (AddParameter): Name = "Eco-Plan"; Value = "Green (RoHS & no Sb/Br)"; VariantName = "[No Variations]"
Add component (AddParameter): Name = "Gain (V/V)"; Value = ""; VariantName = "[No Variations]"
Add component (AddParameter): Name = "Gain(V/V)"; Value = "1 to 1000"; VariantName = "[No Variations]"
Add component (AddParameter): Name = "Input Bias Current (+/-) (Max) (nA)"; Value = ""; VariantName = "[No Variations]"
Add component (AddParameter): Name = "Input Bias Current (+/-)(Max)(nA)"; Value = "65"; VariantName = "[No Variations]"
Add component (AddParameter): Name = "Input Offset (+/-) (Max) (uV)"; Value = ""; VariantName = "[No Variations]"
Add component (AddParameter): Name = "Input Offset (+/-)(Max)(uV)"; Value = "150"; VariantName = "[No Variations]"
Add component (AddParameter): Name = "Input Offset Drift (+/-) (Max) (uV/Degrees Celsius)"; Value = ""; VariantName = "[No Variations]"
Add component (AddParameter): Name = "Input Offset Drift (+/-)(Max)(uV/Degrees Celsius)"; Value = "2"; VariantName = "[No Variations]"
Add component (AddParameter): Name = "Iq (Typ) (mA)"; Value = ""; VariantName = "[No Variations]"
Add component (AddParameter): Name = "Manufacturer"; Value = "Texas Instruments"; VariantName = "[No Variations]"
Add component (AddParameter): Name = "Mounting Technology"; Value = "Surface Mount"; VariantName = "[No Variations]"
Add component (AddParameter): Name = "Noise at 1kHz (Typ) (nV/rt(Hz))"; Value = ""; VariantName = "[No Variations]"
Add component (AddParameter): Name = "Noise at 1kHz(Typ)(nV/rt(Hz))"; Value = "18"; VariantName = "[No Variations]"
Add component (AddParameter): Name = "Non-Linearity (+/-) (Max) (%)"; Value = ""; VariantName = "[No Variations]"
Add component (AddParameter): Name = "Non-Linearity (+/-)(Max)(%)"; Value = "0.0005"; VariantName = "[No Variations]"
Add component (AddParameter): Name = "Number of Channels"; Value = "1"; VariantName = "[No Variations]"
Add component (AddParameter): Name = "Operating Temperature Range"; Value = ""; VariantName = "[No Variations]"
Add component (AddParameter): Name = "Output Offset (+/-)(Max)(uV)"; Value = "700"; VariantName = "[No Variations]"
Add component (AddParameter): Name = "Output Offset Drift (+/-)(Max)(uV/Degrees Celsius)"; Value = "10"; VariantName = "[No Variations]"
Add component (AddParameter): Name = "PackageDescription"; Value = "8-Pin Thin Small Outline, Body 3 x 3 mm, Pitch 0.65 mm"; VariantName = "[No Variations]"
Add component (AddParameter): Name = "PackageReference"; Value = "DGK0008A"; VariantName = "[No Variations]"
Add component (AddParameter): Name = "PackageVersion"; Value = "4073329/E, 05/2006"; VariantName = "[No Variations]"
Add component (AddParameter): Name = "Packing"; Value = ""; VariantName = "[No Variations]"
Add component (AddParameter): Name = "PartNumber"; Value = "INA826AIDGKR"; VariantName = "[No Variations]"
Add component (AddParameter): Name = "Quiescent Current (+/-)(Typ)(mA)"; Value = "0.2"; VariantName = "[No Variations]"
Add component (AddParameter): Name = "RoHS"; Value = ""; VariantName = "[No Variations]"
Add component (AddParameter): Name = "SubFamily"; Value = "Single Supply"; VariantName = "[No Variations]"
Add component (AddParameter): Name = "Vs (Max)"; Value = ""; VariantName = "[No Variations]"
Add component (AddParameter): Name = "Vs(Max)(V)"; Value = "36"; VariantName = "[No Variations]"
Add component (AddParameter): Name = "Vs (Min)"; Value = ""; VariantName = "[No Variations]"
Add component (AddParameter): Name = "Vs(Min)(V)"; Value = "2.7"; VariantName = "[No Variations]"
Added Component: Designator=U4(DBV0005A_L)
Add component. Clean all parameters for all variants
Add component (AddParameter): Name = "Code_IPC"; Value = ""; VariantName = "[No Variations]"
Add component (AddParameter): Name = "Code_JEDEC"; Value = ""; VariantName = "[No Variations]"
Add component (AddParameter): Name = "Code_JEITA"; Value = ""; VariantName = "[No Variations]"
Add component (AddParameter): Name = "ComponentLink1Description"; Value = "Datasheet URL"; VariantName = "[No Variations]"
Add component (AddParameter): Name = "ComponentLink1URL"; Value = "http://www.ti.com/general/docs/lit/getliterature.tsp?genericPartNumber=LP2985-N&fileType=pdf"; VariantName = "[No Variations]"
Add component (AddParameter): Name = "CompType"; Value = "LDO IC"; VariantName = "[No Variations]"
Add component (AddParameter): Name = "High-Reliability"; Value = ""; VariantName = "[No Variations]"
Add component (AddParameter): Name = "Manufacturer"; Value = "Texas Instruments"; VariantName = "[No Variations]"
Add component (AddParameter): Name = "PackageDescription"; Value = "Molded SOT-23, .115 x .063 x .040 in Body, 5 Lead, .0375 in Pitch"; VariantName = "[No Variations]"
Add component (AddParameter): Name = "PackageReference"; Value = "DBV0005A"; VariantName = "[No Variations]"
Add component (AddParameter): Name = "PackageTopMarking"; Value = "L0UB*XTT"; VariantName = "[No Variations]"
Add component (AddParameter): Name = "PartNumber"; Value = ""; VariantName = "[No Variations]"
Add component (AddParameter): Name = "PinCount"; Value = "5"; VariantName = "[No Variations]"
Add component (AddParameter): Name = "PowerWise"; Value = "N"; VariantName = "[No Variations]"
Add component (AddParameter): Name = "RoHS"; Value = "Y"; VariantName = "[No Variations]"
Added Pin To Net: NetName=5V Pin=C2-2
Added Pin To Net: NetName=5V Pin=U1-7
Added Pin To Net: NetName=5V Pin=U2-5
Added Pin To Net: NetName=5V Pin=U4-5
Added Net: Name=5V
Added Pin To Net: NetName=9V Pin=BT1-P
Added Pin To Net: NetName=9V Pin=C1-1
Added Pin To Net: NetName=9V Pin=U4-1
Added Pin To Net: NetName=9V Pin=U4-3
Added Net: Name=9V
Added Pin To Net: NetName=GND Pin=BT1-N
Added Pin To Net: NetName=GND Pin=C1-2
Added Pin To Net: NetName=GND Pin=C2-1
Added Pin To Net: NetName=GND Pin=C3-1
Added Pin To Net: NetName=GND Pin=U1-8
Added Pin To Net: NetName=GND Pin=U1-22
Added Pin To Net: NetName=GND Pin=U2-6
Added Pin To Net: NetName=GND Pin=U2-8
Added Pin To Net: NetName=GND Pin=U4-2
Added Net: Name=GND
Added Pin To Net: NetName=NetC3_2 Pin=C3-2
Added Pin To Net: NetName=NetC3_2 Pin=U4-4
Added Net: Name=NetC3_2
Added Pin To Net: NetName=NetP1_3 Pin=U1-27
Added Net: Name=NetP1_3
Added Pin To Net: NetName=NetP1_4 Pin=U1-28
Added Net: Name=NetP1_4
Added Pin To Net: NetName=NetR1_1 Pin=R1-1
Added Pin To Net: NetName=NetR1_1 Pin=U2-2
Added Net: Name=NetR1_1
Added Pin To Net: NetName=NetR1_2 Pin=R1-2
Added Pin To Net: NetName=NetR1_2 Pin=U2-3
Added Net: Name=NetR1_2
Added Pin To Net: NetName=NetU1_26 Pin=U1-26
Added Pin To Net: NetName=NetU1_26 Pin=U2-7
Added Net: Name=NetU1_26
Added Pin To Net: NetName=NetU2_1 Pin=U2-1
Added Net: Name=NetU2_1
Added Pin To Net: NetName=NetU2_4 Pin=U2-4
Added Net: Name=NetU2_4
Added Class: Name=3102_Sheet
Added Room: Name=3102_Sheet
